[MRX-H2-M]
[section]
[type,x,y,v,a,comment]
      pa,      30,      30,     300,      20,        
      pa,      30,      90,     800,      20,        
      pa,      30,     150,     800,      20,        
      pa,      30,     210,     800,      20,        
      pa,      30,     270,     800,      20,        
      pa,      30,     330,     800,      20,        
      pa,      90,      30,    1000,      20,        
      pa,      90,      90,     800,      20,        
      pa,      90,     150,     800,      20,        
      pa,      90,     210,     800,      20,        
      pa,      90,     270,     800,      20,        
      pa,      90,     330,     800,      20,        
      pa,     150,      30,    1000,      20,        
      pa,     150,      90,     800,      20,        
      pa,     150,     150,     800,      20,        
      pa,     150,     210,     800,      20,        
      pa,     150,     270,     800,      20,        
      pa,     150,     330,     800,      20,        
      pa,     210,      30,    1000,      20,        
      pa,     210,      90,     800,      20,        
      pa,     210,     150,     800,      20,        
      pa,     210,     210,     800,      20,        
      pa,     210,     270,     800,      20,        
      pa,     210,     330,     800,      20,        
      pa,     270,      30,    1000,      20,        
      pa,     270,      90,     800,      20,        
      pa,     270,     150,     800,      20,        
      pa,     270,     210,     800,      20,        
      pa,     270,     270,     800,      20,        
      pa,     270,     330,     800,      20,        
      pa,       0,       0,    1000,      20,        
